2013/07/06 22:03:51 [error] [exception.CHttpException.404] exception 'CHttpException' with message 'Запрашиваемый шаблон вида "about" не найден.' in Z:\home\ugos\www\framework\web\actions\CViewAction.php:112
Stack trace:
#0 Z:\home\ugos\www\framework\web\actions\CViewAction.php(123): CViewAction->resolveView('about')
#1 Z:\home\ugos\www\framework\web\actions\CAction.php(76): CViewAction->run()
#2 Z:\home\ugos\www\framework\web\CController.php(308): CAction->runWithParams(Array)
#3 Z:\home\ugos\www\framework\web\CController.php(286): CController->runAction(Object(CViewAction))
#4 Z:\home\ugos\www\framework\web\CController.php(265): CController->runActionWithFilters(Object(CViewAction), Array)
#5 Z:\home\ugos\www\framework\web\CWebApplication.php(282): CController->run('page')
#6 Z:\home\ugos\www\framework\web\CWebApplication.php(141): CWebApplication->runController('site/page')
#7 Z:\home\ugos\www\framework\base\CApplication.php(169): CWebApplication->processRequest()
#8 Z:\home\ugos\www\index.php(13): CApplication->run()
#9 {main}
REQUEST_URI=/index.php/site/page?view=about
HTTP_REFERER=http://ugos/index.php/site/contact
---
2013/07/06 22:04:08 [error] [exception.CHttpException.404] exception 'CHttpException' with message 'Запрашиваемый шаблон вида "about" не найден.' in Z:\home\ugos\www\framework\web\actions\CViewAction.php:112
Stack trace:
#0 Z:\home\ugos\www\framework\web\actions\CViewAction.php(123): CViewAction->resolveView('about')
#1 Z:\home\ugos\www\framework\web\actions\CAction.php(76): CViewAction->run()
#2 Z:\home\ugos\www\framework\web\CController.php(308): CAction->runWithParams(Array)
#3 Z:\home\ugos\www\framework\web\CController.php(286): CController->runAction(Object(CViewAction))
#4 Z:\home\ugos\www\framework\web\CController.php(265): CController->runActionWithFilters(Object(CViewAction), Array)
#5 Z:\home\ugos\www\framework\web\CWebApplication.php(282): CController->run('page')
#6 Z:\home\ugos\www\framework\web\CWebApplication.php(141): CWebApplication->runController('site/page')
#7 Z:\home\ugos\www\framework\base\CApplication.php(169): CWebApplication->processRequest()
#8 Z:\home\ugos\www\index.php(13): CApplication->run()
#9 {main}
REQUEST_URI=/index.php/site/page?view=about
HTTP_REFERER=http://ugos/index.php/site/contact
---
2013/07/06 22:05:34 [error] [exception.CHttpException.404] exception 'CHttpException' with message 'Системе не удалось найти запрашиваемое действие "contact".' in Z:\home\ugos\www\framework\web\CController.php:483
Stack trace:
#0 Z:\home\ugos\www\framework\web\CController.php(270): CController->missingAction('contact')
#1 Z:\home\ugos\www\framework\web\CWebApplication.php(282): CController->run('contact')
#2 Z:\home\ugos\www\framework\web\CWebApplication.php(141): CWebApplication->runController('site/contact')
#3 Z:\home\ugos\www\framework\base\CApplication.php(169): CWebApplication->processRequest()
#4 Z:\home\ugos\www\index.php(13): CApplication->run()
#5 {main}
REQUEST_URI=/index.php/site/contact
HTTP_REFERER=http://ugos/index.php/site/index
---
2013/07/06 22:11:23 [error] [exception.CHttpException.404] exception 'CHttpException' with message 'Невозможно обработать запрос "favicon.ico".' in Z:\home\ugos\www\framework\web\CWebApplication.php:286
Stack trace:
#0 Z:\home\ugos\www\framework\web\CWebApplication.php(141): CWebApplication->runController('favicon.ico')
#1 Z:\home\ugos\www\framework\base\CApplication.php(169): CWebApplication->processRequest()
#2 Z:\home\ugos\www\index.php(13): CApplication->run()
#3 {main}
REQUEST_URI=/favicon.ico
---
2013/07/06 22:11:23 [error] [exception.CHttpException.404] exception 'CHttpException' with message 'Невозможно обработать запрос "favicon.ico".' in Z:\home\ugos\www\framework\web\CWebApplication.php:286
Stack trace:
#0 Z:\home\ugos\www\framework\web\CWebApplication.php(141): CWebApplication->runController('favicon.ico')
#1 Z:\home\ugos\www\framework\base\CApplication.php(169): CWebApplication->processRequest()
#2 Z:\home\ugos\www\index.php(13): CApplication->run()
#3 {main}
REQUEST_URI=/favicon.ico
---
2013/07/06 22:11:23 [error] [exception.CHttpException.404] exception 'CHttpException' with message 'Невозможно обработать запрос "favicon.ico".' in Z:\home\ugos\www\framework\web\CWebApplication.php:286
Stack trace:
#0 Z:\home\ugos\www\framework\web\CWebApplication.php(141): CWebApplication->runController('favicon.ico')
#1 Z:\home\ugos\www\framework\base\CApplication.php(169): CWebApplication->processRequest()
#2 Z:\home\ugos\www\index.php(13): CApplication->run()
#3 {main}
REQUEST_URI=/favicon.ico
---
2013/07/06 22:11:24 [error] [exception.CHttpException.404] exception 'CHttpException' with message 'Невозможно обработать запрос "favicon.ico".' in Z:\home\ugos\www\framework\web\CWebApplication.php:286
Stack trace:
#0 Z:\home\ugos\www\framework\web\CWebApplication.php(141): CWebApplication->runController('favicon.ico')
#1 Z:\home\ugos\www\framework\base\CApplication.php(169): CWebApplication->processRequest()
#2 Z:\home\ugos\www\index.php(13): CApplication->run()
#3 {main}
REQUEST_URI=/favicon.ico
---
2013/07/06 22:11:24 [error] [exception.CHttpException.404] exception 'CHttpException' with message 'Невозможно обработать запрос "favicon.ico".' in Z:\home\ugos\www\framework\web\CWebApplication.php:286
Stack trace:
#0 Z:\home\ugos\www\framework\web\CWebApplication.php(141): CWebApplication->runController('favicon.ico')
#1 Z:\home\ugos\www\framework\base\CApplication.php(169): CWebApplication->processRequest()
#2 Z:\home\ugos\www\index.php(13): CApplication->run()
#3 {main}
REQUEST_URI=/favicon.ico
---
2013/07/06 22:11:25 [error] [exception.CHttpException.404] exception 'CHttpException' with message 'Невозможно обработать запрос "favicon.ico".' in Z:\home\ugos\www\framework\web\CWebApplication.php:286
Stack trace:
#0 Z:\home\ugos\www\framework\web\CWebApplication.php(141): CWebApplication->runController('favicon.ico')
#1 Z:\home\ugos\www\framework\base\CApplication.php(169): CWebApplication->processRequest()
#2 Z:\home\ugos\www\index.php(13): CApplication->run()
#3 {main}
REQUEST_URI=/favicon.ico
---
2013/07/06 22:11:26 [error] [exception.CHttpException.404] exception 'CHttpException' with message 'Невозможно обработать запрос "favicon.ico".' in Z:\home\ugos\www\framework\web\CWebApplication.php:286
Stack trace:
#0 Z:\home\ugos\www\framework\web\CWebApplication.php(141): CWebApplication->runController('favicon.ico')
#1 Z:\home\ugos\www\framework\base\CApplication.php(169): CWebApplication->processRequest()
#2 Z:\home\ugos\www\index.php(13): CApplication->run()
#3 {main}
REQUEST_URI=/favicon.ico
---
2013/07/06 22:11:29 [error] [exception.CHttpException.404] exception 'CHttpException' with message 'Невозможно обработать запрос "favicon.ico".' in Z:\home\ugos\www\framework\web\CWebApplication.php:286
Stack trace:
#0 Z:\home\ugos\www\framework\web\CWebApplication.php(141): CWebApplication->runController('favicon.ico')
#1 Z:\home\ugos\www\framework\base\CApplication.php(169): CWebApplication->processRequest()
#2 Z:\home\ugos\www\index.php(13): CApplication->run()
#3 {main}
REQUEST_URI=/favicon.ico
---
2013/07/06 22:11:30 [error] [exception.CHttpException.404] exception 'CHttpException' with message 'Невозможно обработать запрос "favicon.ico".' in Z:\home\ugos\www\framework\web\CWebApplication.php:286
Stack trace:
#0 Z:\home\ugos\www\framework\web\CWebApplication.php(141): CWebApplication->runController('favicon.ico')
#1 Z:\home\ugos\www\framework\base\CApplication.php(169): CWebApplication->processRequest()
#2 Z:\home\ugos\www\index.php(13): CApplication->run()
#3 {main}
REQUEST_URI=/favicon.ico
---
2013/07/06 22:11:31 [error] [exception.CHttpException.404] exception 'CHttpException' with message 'Невозможно обработать запрос "favicon.ico".' in Z:\home\ugos\www\framework\web\CWebApplication.php:286
Stack trace:
#0 Z:\home\ugos\www\framework\web\CWebApplication.php(141): CWebApplication->runController('favicon.ico')
#1 Z:\home\ugos\www\framework\base\CApplication.php(169): CWebApplication->processRequest()
#2 Z:\home\ugos\www\index.php(13): CApplication->run()
#3 {main}
REQUEST_URI=/favicon.ico
---
2013/07/06 22:11:31 [error] [exception.CHttpException.404] exception 'CHttpException' with message 'Невозможно обработать запрос "favicon.ico".' in Z:\home\ugos\www\framework\web\CWebApplication.php:286
Stack trace:
#0 Z:\home\ugos\www\framework\web\CWebApplication.php(141): CWebApplication->runController('favicon.ico')
#1 Z:\home\ugos\www\framework\base\CApplication.php(169): CWebApplication->processRequest()
#2 Z:\home\ugos\www\index.php(13): CApplication->run()
#3 {main}
REQUEST_URI=/favicon.ico
---
2013/07/06 22:11:32 [error] [exception.CHttpException.404] exception 'CHttpException' with message 'Невозможно обработать запрос "favicon.ico".' in Z:\home\ugos\www\framework\web\CWebApplication.php:286
Stack trace:
#0 Z:\home\ugos\www\framework\web\CWebApplication.php(141): CWebApplication->runController('favicon.ico')
#1 Z:\home\ugos\www\framework\base\CApplication.php(169): CWebApplication->processRequest()
#2 Z:\home\ugos\www\index.php(13): CApplication->run()
#3 {main}
REQUEST_URI=/favicon.ico
---
2013/07/06 22:11:32 [error] [exception.CHttpException.404] exception 'CHttpException' with message 'Невозможно обработать запрос "favicon.ico".' in Z:\home\ugos\www\framework\web\CWebApplication.php:286
Stack trace:
#0 Z:\home\ugos\www\framework\web\CWebApplication.php(141): CWebApplication->runController('favicon.ico')
#1 Z:\home\ugos\www\framework\base\CApplication.php(169): CWebApplication->processRequest()
#2 Z:\home\ugos\www\index.php(13): CApplication->run()
#3 {main}
REQUEST_URI=/favicon.ico
---
2013/07/06 22:11:49 [error] [exception.CHttpException.404] exception 'CHttpException' with message 'Невозможно обработать запрос "favicon.ico".' in Z:\home\ugos\www\framework\web\CWebApplication.php:286
Stack trace:
#0 Z:\home\ugos\www\framework\web\CWebApplication.php(141): CWebApplication->runController('favicon.ico')
#1 Z:\home\ugos\www\framework\base\CApplication.php(169): CWebApplication->processRequest()
#2 Z:\home\ugos\www\index.php(13): CApplication->run()
#3 {main}
REQUEST_URI=/favicon.ico
---
2013/07/06 22:11:49 [error] [exception.CHttpException.404] exception 'CHttpException' with message 'Невозможно обработать запрос "favicon.ico".' in Z:\home\ugos\www\framework\web\CWebApplication.php:286
Stack trace:
#0 Z:\home\ugos\www\framework\web\CWebApplication.php(141): CWebApplication->runController('favicon.ico')
#1 Z:\home\ugos\www\framework\base\CApplication.php(169): CWebApplication->processRequest()
#2 Z:\home\ugos\www\index.php(13): CApplication->run()
#3 {main}
REQUEST_URI=/favicon.ico
---
2013/07/06 22:11:53 [error] [exception.CHttpException.404] exception 'CHttpException' with message 'Невозможно обработать запрос "favicon.ico".' in Z:\home\ugos\www\framework\web\CWebApplication.php:286
Stack trace:
#0 Z:\home\ugos\www\framework\web\CWebApplication.php(141): CWebApplication->runController('favicon.ico')
#1 Z:\home\ugos\www\framework\base\CApplication.php(169): CWebApplication->processRequest()
#2 Z:\home\ugos\www\index.php(13): CApplication->run()
#3 {main}
REQUEST_URI=/favicon.ico
---
2013/07/06 22:11:53 [error] [exception.CHttpException.404] exception 'CHttpException' with message 'Невозможно обработать запрос "favicon.ico".' in Z:\home\ugos\www\framework\web\CWebApplication.php:286
Stack trace:
#0 Z:\home\ugos\www\framework\web\CWebApplication.php(141): CWebApplication->runController('favicon.ico')
#1 Z:\home\ugos\www\framework\base\CApplication.php(169): CWebApplication->processRequest()
#2 Z:\home\ugos\www\index.php(13): CApplication->run()
#3 {main}
REQUEST_URI=/favicon.ico
---
2013/07/06 22:11:54 [error] [exception.CHttpException.404] exception 'CHttpException' with message 'Невозможно обработать запрос "favicon.ico".' in Z:\home\ugos\www\framework\web\CWebApplication.php:286
Stack trace:
#0 Z:\home\ugos\www\framework\web\CWebApplication.php(141): CWebApplication->runController('favicon.ico')
#1 Z:\home\ugos\www\framework\base\CApplication.php(169): CWebApplication->processRequest()
#2 Z:\home\ugos\www\index.php(13): CApplication->run()
#3 {main}
REQUEST_URI=/favicon.ico
---
2013/07/06 22:11:55 [error] [exception.CHttpException.404] exception 'CHttpException' with message 'Невозможно обработать запрос "favicon.ico".' in Z:\home\ugos\www\framework\web\CWebApplication.php:286
Stack trace:
#0 Z:\home\ugos\www\framework\web\CWebApplication.php(141): CWebApplication->runController('favicon.ico')
#1 Z:\home\ugos\www\framework\base\CApplication.php(169): CWebApplication->processRequest()
#2 Z:\home\ugos\www\index.php(13): CApplication->run()
#3 {main}
REQUEST_URI=/favicon.ico
---
2013/07/06 22:11:56 [error] [exception.CHttpException.404] exception 'CHttpException' with message 'Невозможно обработать запрос "favicon.ico".' in Z:\home\ugos\www\framework\web\CWebApplication.php:286
Stack trace:
#0 Z:\home\ugos\www\framework\web\CWebApplication.php(141): CWebApplication->runController('favicon.ico')
#1 Z:\home\ugos\www\framework\base\CApplication.php(169): CWebApplication->processRequest()
#2 Z:\home\ugos\www\index.php(13): CApplication->run()
#3 {main}
REQUEST_URI=/favicon.ico
---
2013/07/06 22:11:56 [error] [exception.CHttpException.404] exception 'CHttpException' with message 'Невозможно обработать запрос "favicon.ico".' in Z:\home\ugos\www\framework\web\CWebApplication.php:286
Stack trace:
#0 Z:\home\ugos\www\framework\web\CWebApplication.php(141): CWebApplication->runController('favicon.ico')
#1 Z:\home\ugos\www\framework\base\CApplication.php(169): CWebApplication->processRequest()
#2 Z:\home\ugos\www\index.php(13): CApplication->run()
#3 {main}
REQUEST_URI=/favicon.ico
---
2013/07/06 22:13:03 [error] [exception.CHttpException.404] exception 'CHttpException' with message 'Невозможно обработать запрос "favicon.ico".' in Z:\home\ugos\www\framework\web\CWebApplication.php:286
Stack trace:
#0 Z:\home\ugos\www\framework\web\CWebApplication.php(141): CWebApplication->runController('favicon.ico')
#1 Z:\home\ugos\www\framework\base\CApplication.php(169): CWebApplication->processRequest()
#2 Z:\home\ugos\www\index.php(13): CApplication->run()
#3 {main}
REQUEST_URI=/favicon.ico
---
2013/07/06 22:13:04 [error] [exception.CHttpException.404] exception 'CHttpException' with message 'Невозможно обработать запрос "favicon.ico".' in Z:\home\ugos\www\framework\web\CWebApplication.php:286
Stack trace:
#0 Z:\home\ugos\www\framework\web\CWebApplication.php(141): CWebApplication->runController('favicon.ico')
#1 Z:\home\ugos\www\framework\base\CApplication.php(169): CWebApplication->processRequest()
#2 Z:\home\ugos\www\index.php(13): CApplication->run()
#3 {main}
REQUEST_URI=/favicon.ico
---
2013/07/06 22:13:04 [error] [exception.CHttpException.404] exception 'CHttpException' with message 'Невозможно обработать запрос "favicon.ico".' in Z:\home\ugos\www\framework\web\CWebApplication.php:286
Stack trace:
#0 Z:\home\ugos\www\framework\web\CWebApplication.php(141): CWebApplication->runController('favicon.ico')
#1 Z:\home\ugos\www\framework\base\CApplication.php(169): CWebApplication->processRequest()
#2 Z:\home\ugos\www\index.php(13): CApplication->run()
#3 {main}
REQUEST_URI=/favicon.ico
---
2013/07/06 22:13:05 [error] [exception.CHttpException.404] exception 'CHttpException' with message 'Невозможно обработать запрос "favicon.ico".' in Z:\home\ugos\www\framework\web\CWebApplication.php:286
Stack trace:
#0 Z:\home\ugos\www\framework\web\CWebApplication.php(141): CWebApplication->runController('favicon.ico')
#1 Z:\home\ugos\www\framework\base\CApplication.php(169): CWebApplication->processRequest()
#2 Z:\home\ugos\www\index.php(13): CApplication->run()
#3 {main}
REQUEST_URI=/favicon.ico
---
2013/07/06 22:13:05 [error] [exception.CHttpException.404] exception 'CHttpException' with message 'Невозможно обработать запрос "favicon.ico".' in Z:\home\ugos\www\framework\web\CWebApplication.php:286
Stack trace:
#0 Z:\home\ugos\www\framework\web\CWebApplication.php(141): CWebApplication->runController('favicon.ico')
#1 Z:\home\ugos\www\framework\base\CApplication.php(169): CWebApplication->processRequest()
#2 Z:\home\ugos\www\index.php(13): CApplication->run()
#3 {main}
REQUEST_URI=/favicon.ico
---
2013/07/06 22:13:06 [error] [exception.CHttpException.404] exception 'CHttpException' with message 'Невозможно обработать запрос "favicon.ico".' in Z:\home\ugos\www\framework\web\CWebApplication.php:286
Stack trace:
#0 Z:\home\ugos\www\framework\web\CWebApplication.php(141): CWebApplication->runController('favicon.ico')
#1 Z:\home\ugos\www\framework\base\CApplication.php(169): CWebApplication->processRequest()
#2 Z:\home\ugos\www\index.php(13): CApplication->run()
#3 {main}
REQUEST_URI=/favicon.ico
---
2013/07/06 22:13:48 [error] [exception.CHttpException.404] exception 'CHttpException' with message 'Невозможно обработать запрос "favicon.ico".' in Z:\home\ugos\www\framework\web\CWebApplication.php:286
Stack trace:
#0 Z:\home\ugos\www\framework\web\CWebApplication.php(141): CWebApplication->runController('favicon.ico')
#1 Z:\home\ugos\www\framework\base\CApplication.php(169): CWebApplication->processRequest()
#2 Z:\home\ugos\www\index.php(13): CApplication->run()
#3 {main}
REQUEST_URI=/favicon.ico
---
2013/07/06 22:13:54 [error] [exception.CHttpException.404] exception 'CHttpException' with message 'Невозможно обработать запрос "favicon.ico".' in Z:\home\ugos\www\framework\web\CWebApplication.php:286
Stack trace:
#0 Z:\home\ugos\www\framework\web\CWebApplication.php(141): CWebApplication->runController('favicon.ico')
#1 Z:\home\ugos\www\framework\base\CApplication.php(169): CWebApplication->processRequest()
#2 Z:\home\ugos\www\index.php(13): CApplication->run()
#3 {main}
REQUEST_URI=/favicon.ico
---
2013/07/06 22:14:11 [error] [exception.CHttpException.404] exception 'CHttpException' with message 'Невозможно обработать запрос "favicon.ico".' in Z:\home\ugos\www\framework\web\CWebApplication.php:286
Stack trace:
#0 Z:\home\ugos\www\framework\web\CWebApplication.php(141): CWebApplication->runController('favicon.ico')
#1 Z:\home\ugos\www\framework\base\CApplication.php(169): CWebApplication->processRequest()
#2 Z:\home\ugos\www\index.php(13): CApplication->run()
#3 {main}
REQUEST_URI=/favicon.ico
---
2013/07/06 22:14:15 [error] [exception.CHttpException.404] exception 'CHttpException' with message 'Невозможно обработать запрос "favicon.ico".' in Z:\home\ugos\www\framework\web\CWebApplication.php:286
Stack trace:
#0 Z:\home\ugos\www\framework\web\CWebApplication.php(141): CWebApplication->runController('favicon.ico')
#1 Z:\home\ugos\www\framework\base\CApplication.php(169): CWebApplication->processRequest()
#2 Z:\home\ugos\www\index.php(13): CApplication->run()
#3 {main}
REQUEST_URI=/favicon.ico
---
2013/07/06 22:15:13 [error] [exception.CHttpException.404] exception 'CHttpException' with message 'Невозможно обработать запрос "favicon.ico".' in Z:\home\ugos\www\framework\web\CWebApplication.php:286
Stack trace:
#0 Z:\home\ugos\www\framework\web\CWebApplication.php(141): CWebApplication->runController('favicon.ico')
#1 Z:\home\ugos\www\framework\base\CApplication.php(169): CWebApplication->processRequest()
#2 Z:\home\ugos\www\index.php(13): CApplication->run()
#3 {main}
REQUEST_URI=/favicon.ico
---
2013/07/06 22:15:14 [error] [exception.CHttpException.404] exception 'CHttpException' with message 'Невозможно обработать запрос "favicon.ico".' in Z:\home\ugos\www\framework\web\CWebApplication.php:286
Stack trace:
#0 Z:\home\ugos\www\framework\web\CWebApplication.php(141): CWebApplication->runController('favicon.ico')
#1 Z:\home\ugos\www\framework\base\CApplication.php(169): CWebApplication->processRequest()
#2 Z:\home\ugos\www\index.php(13): CApplication->run()
#3 {main}
REQUEST_URI=/favicon.ico
---
2013/07/06 22:17:16 [error] [exception.CHttpException.404] exception 'CHttpException' with message 'Невозможно обработать запрос "favicon.ico".' in Z:\home\ugos\www\framework\web\CWebApplication.php:286
Stack trace:
#0 Z:\home\ugos\www\framework\web\CWebApplication.php(141): CWebApplication->runController('favicon.ico')
#1 Z:\home\ugos\www\framework\base\CApplication.php(169): CWebApplication->processRequest()
#2 Z:\home\ugos\www\index.php(13): CApplication->run()
#3 {main}
REQUEST_URI=/favicon.ico
---
2013/07/06 22:17:19 [error] [exception.CHttpException.404] exception 'CHttpException' with message 'Невозможно обработать запрос "favicon.ico".' in Z:\home\ugos\www\framework\web\CWebApplication.php:286
Stack trace:
#0 Z:\home\ugos\www\framework\web\CWebApplication.php(141): CWebApplication->runController('favicon.ico')
#1 Z:\home\ugos\www\framework\base\CApplication.php(169): CWebApplication->processRequest()
#2 Z:\home\ugos\www\index.php(13): CApplication->run()
#3 {main}
REQUEST_URI=/favicon.ico
---
2013/07/06 22:17:43 [error] [exception.CHttpException.404] exception 'CHttpException' with message 'Невозможно обработать запрос "favicon.ico".' in Z:\home\ugos\www\framework\web\CWebApplication.php:286
Stack trace:
#0 Z:\home\ugos\www\framework\web\CWebApplication.php(141): CWebApplication->runController('favicon.ico')
#1 Z:\home\ugos\www\framework\base\CApplication.php(169): CWebApplication->processRequest()
#2 Z:\home\ugos\www\index.php(13): CApplication->run()
#3 {main}
REQUEST_URI=/favicon.ico
---
2013/07/06 22:17:54 [error] [exception.CHttpException.404] exception 'CHttpException' with message 'Невозможно обработать запрос "favicon.ico".' in Z:\home\ugos\www\framework\web\CWebApplication.php:286
Stack trace:
#0 Z:\home\ugos\www\framework\web\CWebApplication.php(141): CWebApplication->runController('favicon.ico')
#1 Z:\home\ugos\www\framework\base\CApplication.php(169): CWebApplication->processRequest()
#2 Z:\home\ugos\www\index.php(13): CApplication->run()
#3 {main}
REQUEST_URI=/favicon.ico
---
2013/07/06 22:17:58 [error] [exception.CHttpException.404] exception 'CHttpException' with message 'Невозможно обработать запрос "favicon.ico".' in Z:\home\ugos\www\framework\web\CWebApplication.php:286
Stack trace:
#0 Z:\home\ugos\www\framework\web\CWebApplication.php(141): CWebApplication->runController('favicon.ico')
#1 Z:\home\ugos\www\framework\base\CApplication.php(169): CWebApplication->processRequest()
#2 Z:\home\ugos\www\index.php(13): CApplication->run()
#3 {main}
REQUEST_URI=/favicon.ico
---
2013/07/06 22:17:59 [error] [exception.CHttpException.404] exception 'CHttpException' with message 'Невозможно обработать запрос "favicon.ico".' in Z:\home\ugos\www\framework\web\CWebApplication.php:286
Stack trace:
#0 Z:\home\ugos\www\framework\web\CWebApplication.php(141): CWebApplication->runController('favicon.ico')
#1 Z:\home\ugos\www\framework\base\CApplication.php(169): CWebApplication->processRequest()
#2 Z:\home\ugos\www\index.php(13): CApplication->run()
#3 {main}
REQUEST_URI=/favicon.ico
---
2013/07/06 22:18:01 [error] [exception.CHttpException.404] exception 'CHttpException' with message 'Невозможно обработать запрос "favicon.ico".' in Z:\home\ugos\www\framework\web\CWebApplication.php:286
Stack trace:
#0 Z:\home\ugos\www\framework\web\CWebApplication.php(141): CWebApplication->runController('favicon.ico')
#1 Z:\home\ugos\www\framework\base\CApplication.php(169): CWebApplication->processRequest()
#2 Z:\home\ugos\www\index.php(13): CApplication->run()
#3 {main}
REQUEST_URI=/favicon.ico
---
2013/07/06 22:18:02 [error] [exception.CHttpException.404] exception 'CHttpException' with message 'Невозможно обработать запрос "favicon.ico".' in Z:\home\ugos\www\framework\web\CWebApplication.php:286
Stack trace:
#0 Z:\home\ugos\www\framework\web\CWebApplication.php(141): CWebApplication->runController('favicon.ico')
#1 Z:\home\ugos\www\framework\base\CApplication.php(169): CWebApplication->processRequest()
#2 Z:\home\ugos\www\index.php(13): CApplication->run()
#3 {main}
REQUEST_URI=/favicon.ico
---
2013/07/06 22:18:06 [error] [exception.CHttpException.404] exception 'CHttpException' with message 'Невозможно обработать запрос "favicon.ico".' in Z:\home\ugos\www\framework\web\CWebApplication.php:286
Stack trace:
#0 Z:\home\ugos\www\framework\web\CWebApplication.php(141): CWebApplication->runController('favicon.ico')
#1 Z:\home\ugos\www\framework\base\CApplication.php(169): CWebApplication->processRequest()
#2 Z:\home\ugos\www\index.php(13): CApplication->run()
#3 {main}
REQUEST_URI=/favicon.ico
---
2013/07/06 22:18:27 [error] [exception.CHttpException.404] exception 'CHttpException' with message 'Невозможно обработать запрос "favicon.ico".' in Z:\home\ugos\www\framework\web\CWebApplication.php:286
Stack trace:
#0 Z:\home\ugos\www\framework\web\CWebApplication.php(141): CWebApplication->runController('favicon.ico')
#1 Z:\home\ugos\www\framework\base\CApplication.php(169): CWebApplication->processRequest()
#2 Z:\home\ugos\www\index.php(13): CApplication->run()
#3 {main}
REQUEST_URI=/favicon.ico
---
2013/07/06 22:18:29 [error] [exception.CHttpException.404] exception 'CHttpException' with message 'Невозможно обработать запрос "favicon.ico".' in Z:\home\ugos\www\framework\web\CWebApplication.php:286
Stack trace:
#0 Z:\home\ugos\www\framework\web\CWebApplication.php(141): CWebApplication->runController('favicon.ico')
#1 Z:\home\ugos\www\framework\base\CApplication.php(169): CWebApplication->processRequest()
#2 Z:\home\ugos\www\index.php(13): CApplication->run()
#3 {main}
REQUEST_URI=/favicon.ico
---
2013/07/06 22:18:46 [error] [exception.CHttpException.404] exception 'CHttpException' with message 'Unable to resolve the request "favicon.ico".' in Z:\home\ugos\www\framework\web\CWebApplication.php:286
Stack trace:
#0 Z:\home\ugos\www\framework\web\CWebApplication.php(141): CWebApplication->runController('favicon.ico')
#1 Z:\home\ugos\www\framework\base\CApplication.php(169): CWebApplication->processRequest()
#2 Z:\home\ugos\www\index.php(13): CApplication->run()
#3 {main}
REQUEST_URI=/favicon.ico
---
2013/07/06 22:18:50 [error] [exception.CHttpException.404] exception 'CHttpException' with message 'Unable to resolve the request "favicon.ico".' in Z:\home\ugos\www\framework\web\CWebApplication.php:286
Stack trace:
#0 Z:\home\ugos\www\framework\web\CWebApplication.php(141): CWebApplication->runController('favicon.ico')
#1 Z:\home\ugos\www\framework\base\CApplication.php(169): CWebApplication->processRequest()
#2 Z:\home\ugos\www\index.php(13): CApplication->run()
#3 {main}
REQUEST_URI=/favicon.ico
---
2013/07/06 22:18:57 [error] [exception.CHttpException.404] exception 'CHttpException' with message 'Unable to resolve the request "favicon.ico".' in Z:\home\ugos\www\framework\web\CWebApplication.php:286
Stack trace:
#0 Z:\home\ugos\www\framework\web\CWebApplication.php(141): CWebApplication->runController('favicon.ico')
#1 Z:\home\ugos\www\framework\base\CApplication.php(169): CWebApplication->processRequest()
#2 Z:\home\ugos\www\index.php(13): CApplication->run()
#3 {main}
REQUEST_URI=/favicon.ico
---
2013/07/06 22:19:00 [error] [exception.CHttpException.404] exception 'CHttpException' with message 'Unable to resolve the request "favicon.ico".' in Z:\home\ugos\www\framework\web\CWebApplication.php:286
Stack trace:
#0 Z:\home\ugos\www\framework\web\CWebApplication.php(141): CWebApplication->runController('favicon.ico')
#1 Z:\home\ugos\www\framework\base\CApplication.php(169): CWebApplication->processRequest()
#2 Z:\home\ugos\www\index.php(13): CApplication->run()
#3 {main}
REQUEST_URI=/favicon.ico
---
2013/07/06 22:19:41 [error] [exception.CHttpException.404] exception 'CHttpException' with message 'Unable to resolve the request "favicon.ico".' in Z:\home\ugos\www\framework\web\CWebApplication.php:286
Stack trace:
#0 Z:\home\ugos\www\framework\web\CWebApplication.php(141): CWebApplication->runController('favicon.ico')
#1 Z:\home\ugos\www\framework\base\CApplication.php(169): CWebApplication->processRequest()
#2 Z:\home\ugos\www\index.php(13): CApplication->run()
#3 {main}
REQUEST_URI=/favicon.ico
---
2013/07/07 17:00:28 [error] [exception.CHttpException.404] exception 'CHttpException' with message 'Unable to resolve the request "favicon.ico".' in Z:\home\ugos\www\framework\web\CWebApplication.php:286
Stack trace:
#0 Z:\home\ugos\www\framework\web\CWebApplication.php(141): CWebApplication->runController('favicon.ico')
#1 Z:\home\ugos\www\framework\base\CApplication.php(169): CWebApplication->processRequest()
#2 Z:\home\ugos\www\index.php(13): CApplication->run()
#3 {main}
REQUEST_URI=/favicon.ico
---
2013/07/07 17:00:28 [error] [exception.CHttpException.404] exception 'CHttpException' with message 'Unable to resolve the request "favicon.ico".' in Z:\home\ugos\www\framework\web\CWebApplication.php:286
Stack trace:
#0 Z:\home\ugos\www\framework\web\CWebApplication.php(141): CWebApplication->runController('favicon.ico')
#1 Z:\home\ugos\www\framework\base\CApplication.php(169): CWebApplication->processRequest()
#2 Z:\home\ugos\www\index.php(13): CApplication->run()
#3 {main}
REQUEST_URI=/favicon.ico
---
2013/07/07 17:07:12 [error] [exception.CHttpException.404] exception 'CHttpException' with message 'Unable to resolve the request "favicon.ico".' in Z:\home\ugos\www\framework\web\CWebApplication.php:286
Stack trace:
#0 Z:\home\ugos\www\framework\web\CWebApplication.php(141): CWebApplication->runController('favicon.ico')
#1 Z:\home\ugos\www\framework\base\CApplication.php(169): CWebApplication->processRequest()
#2 Z:\home\ugos\www\index.php(13): CApplication->run()
#3 {main}
REQUEST_URI=/favicon.ico
---
2013/07/07 17:07:13 [error] [exception.CHttpException.404] exception 'CHttpException' with message 'Unable to resolve the request "favicon.ico".' in Z:\home\ugos\www\framework\web\CWebApplication.php:286
Stack trace:
#0 Z:\home\ugos\www\framework\web\CWebApplication.php(141): CWebApplication->runController('favicon.ico')
#1 Z:\home\ugos\www\framework\base\CApplication.php(169): CWebApplication->processRequest()
#2 Z:\home\ugos\www\index.php(13): CApplication->run()
#3 {main}
REQUEST_URI=/favicon.ico
---
2013/07/07 17:07:15 [error] [exception.CHttpException.404] exception 'CHttpException' with message 'Unable to resolve the request "favicon.ico".' in Z:\home\ugos\www\framework\web\CWebApplication.php:286
Stack trace:
#0 Z:\home\ugos\www\framework\web\CWebApplication.php(141): CWebApplication->runController('favicon.ico')
#1 Z:\home\ugos\www\framework\base\CApplication.php(169): CWebApplication->processRequest()
#2 Z:\home\ugos\www\index.php(13): CApplication->run()
#3 {main}
REQUEST_URI=/favicon.ico
---
2013/07/07 17:07:15 [error] [exception.CHttpException.404] exception 'CHttpException' with message 'Unable to resolve the request "favicon.ico".' in Z:\home\ugos\www\framework\web\CWebApplication.php:286
Stack trace:
#0 Z:\home\ugos\www\framework\web\CWebApplication.php(141): CWebApplication->runController('favicon.ico')
#1 Z:\home\ugos\www\framework\base\CApplication.php(169): CWebApplication->processRequest()
#2 Z:\home\ugos\www\index.php(13): CApplication->run()
#3 {main}
REQUEST_URI=/favicon.ico
---
2013/07/07 17:07:23 [error] [exception.CHttpException.404] exception 'CHttpException' with message 'Unable to resolve the request "favicon.ico".' in Z:\home\ugos\www\framework\web\CWebApplication.php:286
Stack trace:
#0 Z:\home\ugos\www\framework\web\CWebApplication.php(141): CWebApplication->runController('favicon.ico')
#1 Z:\home\ugos\www\framework\base\CApplication.php(169): CWebApplication->processRequest()
#2 Z:\home\ugos\www\index.php(13): CApplication->run()
#3 {main}
REQUEST_URI=/favicon.ico
---
2013/07/07 17:07:23 [error] [exception.CHttpException.404] exception 'CHttpException' with message 'Unable to resolve the request "favicon.ico".' in Z:\home\ugos\www\framework\web\CWebApplication.php:286
Stack trace:
#0 Z:\home\ugos\www\framework\web\CWebApplication.php(141): CWebApplication->runController('favicon.ico')
#1 Z:\home\ugos\www\framework\base\CApplication.php(169): CWebApplication->processRequest()
#2 Z:\home\ugos\www\index.php(13): CApplication->run()
#3 {main}
REQUEST_URI=/favicon.ico
---
2013/07/08 16:20:48 [error] [exception.CHttpException.404] exception 'CHttpException' with message 'Unable to resolve the request "favicon.ico".' in Z:\home\ugos\www\framework\web\CWebApplication.php:286
Stack trace:
#0 Z:\home\ugos\www\framework\web\CWebApplication.php(141): CWebApplication->runController('favicon.ico')
#1 Z:\home\ugos\www\framework\base\CApplication.php(169): CWebApplication->processRequest()
#2 Z:\home\ugos\www\index.php(13): CApplication->run()
#3 {main}
REQUEST_URI=/favicon.ico
---
2013/07/08 16:20:48 [error] [exception.CHttpException.404] exception 'CHttpException' with message 'Unable to resolve the request "favicon.ico".' in Z:\home\ugos\www\framework\web\CWebApplication.php:286
Stack trace:
#0 Z:\home\ugos\www\framework\web\CWebApplication.php(141): CWebApplication->runController('favicon.ico')
#1 Z:\home\ugos\www\framework\base\CApplication.php(169): CWebApplication->processRequest()
#2 Z:\home\ugos\www\index.php(13): CApplication->run()
#3 {main}
REQUEST_URI=/favicon.ico
---
2013/07/08 16:20:48 [error] [exception.CHttpException.404] exception 'CHttpException' with message 'Unable to resolve the request "favicon.ico".' in Z:\home\ugos\www\framework\web\CWebApplication.php:286
Stack trace:
#0 Z:\home\ugos\www\framework\web\CWebApplication.php(141): CWebApplication->runController('favicon.ico')
#1 Z:\home\ugos\www\framework\base\CApplication.php(169): CWebApplication->processRequest()
#2 Z:\home\ugos\www\index.php(13): CApplication->run()
#3 {main}
REQUEST_URI=/favicon.ico
---
2013/07/08 16:24:51 [error] [exception.CHttpException.404] exception 'CHttpException' with message 'Unable to resolve the request "favicon.ico".' in Z:\home\ugos\www\framework\web\CWebApplication.php:286
Stack trace:
#0 Z:\home\ugos\www\framework\web\CWebApplication.php(141): CWebApplication->runController('favicon.ico')
#1 Z:\home\ugos\www\framework\base\CApplication.php(169): CWebApplication->processRequest()
#2 Z:\home\ugos\www\index.php(13): CApplication->run()
#3 {main}
REQUEST_URI=/favicon.ico
---
2013/07/08 16:24:52 [error] [exception.CHttpException.404] exception 'CHttpException' with message 'Unable to resolve the request "favicon.ico".' in Z:\home\ugos\www\framework\web\CWebApplication.php:286
Stack trace:
#0 Z:\home\ugos\www\framework\web\CWebApplication.php(141): CWebApplication->runController('favicon.ico')
#1 Z:\home\ugos\www\framework\base\CApplication.php(169): CWebApplication->processRequest()
#2 Z:\home\ugos\www\index.php(13): CApplication->run()
#3 {main}
REQUEST_URI=/favicon.ico
---
2013/07/08 16:24:52 [error] [exception.CHttpException.404] exception 'CHttpException' with message 'Unable to resolve the request "favicon.ico".' in Z:\home\ugos\www\framework\web\CWebApplication.php:286
Stack trace:
#0 Z:\home\ugos\www\framework\web\CWebApplication.php(141): CWebApplication->runController('favicon.ico')
#1 Z:\home\ugos\www\framework\base\CApplication.php(169): CWebApplication->processRequest()
#2 Z:\home\ugos\www\index.php(13): CApplication->run()
#3 {main}
REQUEST_URI=/favicon.ico
---
2013/07/08 16:24:53 [error] [exception.CHttpException.404] exception 'CHttpException' with message 'Unable to resolve the request "favicon.ico".' in Z:\home\ugos\www\framework\web\CWebApplication.php:286
Stack trace:
#0 Z:\home\ugos\www\framework\web\CWebApplication.php(141): CWebApplication->runController('favicon.ico')
#1 Z:\home\ugos\www\framework\base\CApplication.php(169): CWebApplication->processRequest()
#2 Z:\home\ugos\www\index.php(13): CApplication->run()
#3 {main}
REQUEST_URI=/favicon.ico
---
2013/07/08 16:25:06 [error] [exception.CHttpException.404] exception 'CHttpException' with message 'Unable to resolve the request "favicon.ico".' in Z:\home\ugos\www\framework\web\CWebApplication.php:286
Stack trace:
#0 Z:\home\ugos\www\framework\web\CWebApplication.php(141): CWebApplication->runController('favicon.ico')
#1 Z:\home\ugos\www\framework\base\CApplication.php(169): CWebApplication->processRequest()
#2 Z:\home\ugos\www\index.php(13): CApplication->run()
#3 {main}
REQUEST_URI=/favicon.ico
---
2013/07/08 16:25:07 [error] [exception.CHttpException.404] exception 'CHttpException' with message 'Unable to resolve the request "favicon.ico".' in Z:\home\ugos\www\framework\web\CWebApplication.php:286
Stack trace:
#0 Z:\home\ugos\www\framework\web\CWebApplication.php(141): CWebApplication->runController('favicon.ico')
#1 Z:\home\ugos\www\framework\base\CApplication.php(169): CWebApplication->processRequest()
#2 Z:\home\ugos\www\index.php(13): CApplication->run()
#3 {main}
REQUEST_URI=/favicon.ico
---
2013/07/08 16:25:10 [error] [exception.CHttpException.404] exception 'CHttpException' with message 'Unable to resolve the request "favicon.ico".' in Z:\home\ugos\www\framework\web\CWebApplication.php:286
Stack trace:
#0 Z:\home\ugos\www\framework\web\CWebApplication.php(141): CWebApplication->runController('favicon.ico')
#1 Z:\home\ugos\www\framework\base\CApplication.php(169): CWebApplication->processRequest()
#2 Z:\home\ugos\www\index.php(13): CApplication->run()
#3 {main}
REQUEST_URI=/favicon.ico
---
2013/07/08 16:25:11 [error] [exception.CHttpException.404] exception 'CHttpException' with message 'Unable to resolve the request "favicon.ico".' in Z:\home\ugos\www\framework\web\CWebApplication.php:286
Stack trace:
#0 Z:\home\ugos\www\framework\web\CWebApplication.php(141): CWebApplication->runController('favicon.ico')
#1 Z:\home\ugos\www\framework\base\CApplication.php(169): CWebApplication->processRequest()
#2 Z:\home\ugos\www\index.php(13): CApplication->run()
#3 {main}
REQUEST_URI=/favicon.ico
---
2013/07/08 16:25:18 [error] [exception.CHttpException.404] exception 'CHttpException' with message 'Unable to resolve the request "favicon.ico".' in Z:\home\ugos\www\framework\web\CWebApplication.php:286
Stack trace:
#0 Z:\home\ugos\www\framework\web\CWebApplication.php(141): CWebApplication->runController('favicon.ico')
#1 Z:\home\ugos\www\framework\base\CApplication.php(169): CWebApplication->processRequest()
#2 Z:\home\ugos\www\index.php(13): CApplication->run()
#3 {main}
REQUEST_URI=/favicon.ico
---
2013/07/08 16:25:18 [error] [exception.CHttpException.404] exception 'CHttpException' with message 'Unable to resolve the request "favicon.ico".' in Z:\home\ugos\www\framework\web\CWebApplication.php:286
Stack trace:
#0 Z:\home\ugos\www\framework\web\CWebApplication.php(141): CWebApplication->runController('favicon.ico')
#1 Z:\home\ugos\www\framework\base\CApplication.php(169): CWebApplication->processRequest()
#2 Z:\home\ugos\www\index.php(13): CApplication->run()
#3 {main}
REQUEST_URI=/favicon.ico
---
2013/07/08 16:28:34 [error] [exception.CHttpException.404] exception 'CHttpException' with message 'Unable to resolve the request "favicon.ico".' in Z:\home\ugos\www\framework\web\CWebApplication.php:286
Stack trace:
#0 Z:\home\ugos\www\framework\web\CWebApplication.php(141): CWebApplication->runController('favicon.ico')
#1 Z:\home\ugos\www\framework\base\CApplication.php(169): CWebApplication->processRequest()
#2 Z:\home\ugos\www\index.php(13): CApplication->run()
#3 {main}
REQUEST_URI=/favicon.ico
---
2013/07/08 16:28:35 [error] [exception.CHttpException.404] exception 'CHttpException' with message 'Unable to resolve the request "favicon.ico".' in Z:\home\ugos\www\framework\web\CWebApplication.php:286
Stack trace:
#0 Z:\home\ugos\www\framework\web\CWebApplication.php(141): CWebApplication->runController('favicon.ico')
#1 Z:\home\ugos\www\framework\base\CApplication.php(169): CWebApplication->processRequest()
#2 Z:\home\ugos\www\index.php(13): CApplication->run()
#3 {main}
REQUEST_URI=/favicon.ico
---
2013/07/08 16:28:36 [error] [exception.CHttpException.404] exception 'CHttpException' with message 'Unable to resolve the request "favicon.ico".' in Z:\home\ugos\www\framework\web\CWebApplication.php:286
Stack trace:
#0 Z:\home\ugos\www\framework\web\CWebApplication.php(141): CWebApplication->runController('favicon.ico')
#1 Z:\home\ugos\www\framework\base\CApplication.php(169): CWebApplication->processRequest()
#2 Z:\home\ugos\www\index.php(13): CApplication->run()
#3 {main}
REQUEST_URI=/favicon.ico
---
2013/07/08 16:28:37 [error] [exception.CHttpException.404] exception 'CHttpException' with message 'Unable to resolve the request "favicon.ico".' in Z:\home\ugos\www\framework\web\CWebApplication.php:286
Stack trace:
#0 Z:\home\ugos\www\framework\web\CWebApplication.php(141): CWebApplication->runController('favicon.ico')
#1 Z:\home\ugos\www\framework\base\CApplication.php(169): CWebApplication->processRequest()
#2 Z:\home\ugos\www\index.php(13): CApplication->run()
#3 {main}
REQUEST_URI=/favicon.ico
---
2013/07/08 16:28:43 [error] [exception.CHttpException.404] exception 'CHttpException' with message 'Unable to resolve the request "favicon.ico".' in Z:\home\ugos\www\framework\web\CWebApplication.php:286
Stack trace:
#0 Z:\home\ugos\www\framework\web\CWebApplication.php(141): CWebApplication->runController('favicon.ico')
#1 Z:\home\ugos\www\framework\base\CApplication.php(169): CWebApplication->processRequest()
#2 Z:\home\ugos\www\index.php(13): CApplication->run()
#3 {main}
REQUEST_URI=/favicon.ico
---
2013/07/08 16:28:44 [error] [exception.CHttpException.404] exception 'CHttpException' with message 'Unable to resolve the request "favicon.ico".' in Z:\home\ugos\www\framework\web\CWebApplication.php:286
Stack trace:
#0 Z:\home\ugos\www\framework\web\CWebApplication.php(141): CWebApplication->runController('favicon.ico')
#1 Z:\home\ugos\www\framework\base\CApplication.php(169): CWebApplication->processRequest()
#2 Z:\home\ugos\www\index.php(13): CApplication->run()
#3 {main}
REQUEST_URI=/favicon.ico
---
2013/07/08 16:29:47 [error] [exception.CHttpException.404] exception 'CHttpException' with message 'Unable to resolve the request "favicon.ico".' in Z:\home\ugos\www\framework\web\CWebApplication.php:286
Stack trace:
#0 Z:\home\ugos\www\framework\web\CWebApplication.php(141): CWebApplication->runController('favicon.ico')
#1 Z:\home\ugos\www\framework\base\CApplication.php(169): CWebApplication->processRequest()
#2 Z:\home\ugos\www\index.php(13): CApplication->run()
#3 {main}
REQUEST_URI=/favicon.ico
---
2013/07/08 16:29:47 [error] [exception.CHttpException.404] exception 'CHttpException' with message 'Unable to resolve the request "favicon.ico".' in Z:\home\ugos\www\framework\web\CWebApplication.php:286
Stack trace:
#0 Z:\home\ugos\www\framework\web\CWebApplication.php(141): CWebApplication->runController('favicon.ico')
#1 Z:\home\ugos\www\framework\base\CApplication.php(169): CWebApplication->processRequest()
#2 Z:\home\ugos\www\index.php(13): CApplication->run()
#3 {main}
REQUEST_URI=/favicon.ico
---
2013/07/08 16:29:50 [error] [exception.CHttpException.404] exception 'CHttpException' with message 'Unable to resolve the request "favicon.ico".' in Z:\home\ugos\www\framework\web\CWebApplication.php:286
Stack trace:
#0 Z:\home\ugos\www\framework\web\CWebApplication.php(141): CWebApplication->runController('favicon.ico')
#1 Z:\home\ugos\www\framework\base\CApplication.php(169): CWebApplication->processRequest()
#2 Z:\home\ugos\www\index.php(13): CApplication->run()
#3 {main}
REQUEST_URI=/favicon.ico
---
2013/07/08 16:29:51 [error] [exception.CHttpException.404] exception 'CHttpException' with message 'Unable to resolve the request "favicon.ico".' in Z:\home\ugos\www\framework\web\CWebApplication.php:286
Stack trace:
#0 Z:\home\ugos\www\framework\web\CWebApplication.php(141): CWebApplication->runController('favicon.ico')
#1 Z:\home\ugos\www\framework\base\CApplication.php(169): CWebApplication->processRequest()
#2 Z:\home\ugos\www\index.php(13): CApplication->run()
#3 {main}
REQUEST_URI=/favicon.ico
---
2013/07/08 16:29:56 [error] [exception.CHttpException.404] exception 'CHttpException' with message 'Unable to resolve the request "favicon.ico".' in Z:\home\ugos\www\framework\web\CWebApplication.php:286
Stack trace:
#0 Z:\home\ugos\www\framework\web\CWebApplication.php(141): CWebApplication->runController('favicon.ico')
#1 Z:\home\ugos\www\framework\base\CApplication.php(169): CWebApplication->processRequest()
#2 Z:\home\ugos\www\index.php(13): CApplication->run()
#3 {main}
REQUEST_URI=/favicon.ico
---
2013/07/08 16:29:56 [error] [exception.CHttpException.404] exception 'CHttpException' with message 'Unable to resolve the request "favicon.ico".' in Z:\home\ugos\www\framework\web\CWebApplication.php:286
Stack trace:
#0 Z:\home\ugos\www\framework\web\CWebApplication.php(141): CWebApplication->runController('favicon.ico')
#1 Z:\home\ugos\www\framework\base\CApplication.php(169): CWebApplication->processRequest()
#2 Z:\home\ugos\www\index.php(13): CApplication->run()
#3 {main}
REQUEST_URI=/favicon.ico
---
2013/07/08 16:30:08 [error] [exception.CHttpException.404] exception 'CHttpException' with message 'Unable to resolve the request "favicon.ico".' in Z:\home\ugos\www\framework\web\CWebApplication.php:286
Stack trace:
#0 Z:\home\ugos\www\framework\web\CWebApplication.php(141): CWebApplication->runController('favicon.ico')
#1 Z:\home\ugos\www\framework\base\CApplication.php(169): CWebApplication->processRequest()
#2 Z:\home\ugos\www\index.php(13): CApplication->run()
#3 {main}
REQUEST_URI=/favicon.ico
---
2013/07/08 16:30:09 [error] [exception.CHttpException.404] exception 'CHttpException' with message 'Unable to resolve the request "favicon.ico".' in Z:\home\ugos\www\framework\web\CWebApplication.php:286
Stack trace:
#0 Z:\home\ugos\www\framework\web\CWebApplication.php(141): CWebApplication->runController('favicon.ico')
#1 Z:\home\ugos\www\framework\base\CApplication.php(169): CWebApplication->processRequest()
#2 Z:\home\ugos\www\index.php(13): CApplication->run()
#3 {main}
REQUEST_URI=/favicon.ico
---
2013/07/08 16:30:10 [error] [exception.CHttpException.404] exception 'CHttpException' with message 'Unable to resolve the request "favicon.ico".' in Z:\home\ugos\www\framework\web\CWebApplication.php:286
Stack trace:
#0 Z:\home\ugos\www\framework\web\CWebApplication.php(141): CWebApplication->runController('favicon.ico')
#1 Z:\home\ugos\www\framework\base\CApplication.php(169): CWebApplication->processRequest()
#2 Z:\home\ugos\www\index.php(13): CApplication->run()
#3 {main}
REQUEST_URI=/favicon.ico
---
2013/07/08 16:30:10 [error] [exception.CHttpException.404] exception 'CHttpException' with message 'Unable to resolve the request "favicon.ico".' in Z:\home\ugos\www\framework\web\CWebApplication.php:286
Stack trace:
#0 Z:\home\ugos\www\framework\web\CWebApplication.php(141): CWebApplication->runController('favicon.ico')
#1 Z:\home\ugos\www\framework\base\CApplication.php(169): CWebApplication->processRequest()
#2 Z:\home\ugos\www\index.php(13): CApplication->run()
#3 {main}
REQUEST_URI=/favicon.ico
---
2013/07/08 16:30:11 [error] [exception.CHttpException.404] exception 'CHttpException' with message 'Unable to resolve the request "favicon.ico".' in Z:\home\ugos\www\framework\web\CWebApplication.php:286
Stack trace:
#0 Z:\home\ugos\www\framework\web\CWebApplication.php(141): CWebApplication->runController('favicon.ico')
#1 Z:\home\ugos\www\framework\base\CApplication.php(169): CWebApplication->processRequest()
#2 Z:\home\ugos\www\index.php(13): CApplication->run()
#3 {main}
REQUEST_URI=/favicon.ico
---
2013/07/08 16:30:11 [error] [exception.CHttpException.404] exception 'CHttpException' with message 'Unable to resolve the request "favicon.ico".' in Z:\home\ugos\www\framework\web\CWebApplication.php:286
Stack trace:
#0 Z:\home\ugos\www\framework\web\CWebApplication.php(141): CWebApplication->runController('favicon.ico')
#1 Z:\home\ugos\www\framework\base\CApplication.php(169): CWebApplication->processRequest()
#2 Z:\home\ugos\www\index.php(13): CApplication->run()
#3 {main}
REQUEST_URI=/favicon.ico
---
2013/07/08 16:30:12 [error] [exception.CHttpException.404] exception 'CHttpException' with message 'Unable to resolve the request "favicon.ico".' in Z:\home\ugos\www\framework\web\CWebApplication.php:286
Stack trace:
#0 Z:\home\ugos\www\framework\web\CWebApplication.php(141): CWebApplication->runController('favicon.ico')
#1 Z:\home\ugos\www\framework\base\CApplication.php(169): CWebApplication->processRequest()
#2 Z:\home\ugos\www\index.php(13): CApplication->run()
#3 {main}
REQUEST_URI=/favicon.ico
---
2013/07/08 16:30:13 [error] [exception.CHttpException.404] exception 'CHttpException' with message 'Unable to resolve the request "favicon.ico".' in Z:\home\ugos\www\framework\web\CWebApplication.php:286
Stack trace:
#0 Z:\home\ugos\www\framework\web\CWebApplication.php(141): CWebApplication->runController('favicon.ico')
#1 Z:\home\ugos\www\framework\base\CApplication.php(169): CWebApplication->processRequest()
#2 Z:\home\ugos\www\index.php(13): CApplication->run()
#3 {main}
REQUEST_URI=/favicon.ico
---
2013/07/08 16:30:16 [error] [exception.CHttpException.404] exception 'CHttpException' with message 'Unable to resolve the request "favicon.ico".' in Z:\home\ugos\www\framework\web\CWebApplication.php:286
Stack trace:
#0 Z:\home\ugos\www\framework\web\CWebApplication.php(141): CWebApplication->runController('favicon.ico')
#1 Z:\home\ugos\www\framework\base\CApplication.php(169): CWebApplication->processRequest()
#2 Z:\home\ugos\www\index.php(13): CApplication->run()
#3 {main}
REQUEST_URI=/favicon.ico
---
2013/07/08 16:30:16 [error] [exception.CHttpException.404] exception 'CHttpException' with message 'Unable to resolve the request "favicon.ico".' in Z:\home\ugos\www\framework\web\CWebApplication.php:286
Stack trace:
#0 Z:\home\ugos\www\framework\web\CWebApplication.php(141): CWebApplication->runController('favicon.ico')
#1 Z:\home\ugos\www\framework\base\CApplication.php(169): CWebApplication->processRequest()
#2 Z:\home\ugos\www\index.php(13): CApplication->run()
#3 {main}
REQUEST_URI=/favicon.ico
---
2013/07/08 16:33:11 [error] [exception.CHttpException.404] exception 'CHttpException' with message 'Unable to resolve the request "favicon.ico".' in Z:\home\ugos\www\framework\web\CWebApplication.php:286
Stack trace:
#0 Z:\home\ugos\www\framework\web\CWebApplication.php(141): CWebApplication->runController('favicon.ico')
#1 Z:\home\ugos\www\framework\base\CApplication.php(169): CWebApplication->processRequest()
#2 Z:\home\ugos\www\index.php(13): CApplication->run()
#3 {main}
REQUEST_URI=/favicon.ico
---
2013/07/08 16:33:12 [error] [exception.CHttpException.404] exception 'CHttpException' with message 'Unable to resolve the request "favicon.ico".' in Z:\home\ugos\www\framework\web\CWebApplication.php:286
Stack trace:
#0 Z:\home\ugos\www\framework\web\CWebApplication.php(141): CWebApplication->runController('favicon.ico')
#1 Z:\home\ugos\www\framework\base\CApplication.php(169): CWebApplication->processRequest()
#2 Z:\home\ugos\www\index.php(13): CApplication->run()
#3 {main}
REQUEST_URI=/favicon.ico
---
2013/07/08 16:46:07 [error] [exception.CHttpException.404] exception 'CHttpException' with message 'Unable to resolve the request "favicon.ico".' in Z:\home\ugos\www\framework\web\CWebApplication.php:286
Stack trace:
#0 Z:\home\ugos\www\framework\web\CWebApplication.php(141): CWebApplication->runController('favicon.ico')
#1 Z:\home\ugos\www\framework\base\CApplication.php(169): CWebApplication->processRequest()
#2 Z:\home\ugos\www\index.php(13): CApplication->run()
#3 {main}
REQUEST_URI=/favicon.ico
---
2013/07/08 16:46:08 [error] [exception.CHttpException.404] exception 'CHttpException' with message 'Unable to resolve the request "favicon.ico".' in Z:\home\ugos\www\framework\web\CWebApplication.php:286
Stack trace:
#0 Z:\home\ugos\www\framework\web\CWebApplication.php(141): CWebApplication->runController('favicon.ico')
#1 Z:\home\ugos\www\framework\base\CApplication.php(169): CWebApplication->processRequest()
#2 Z:\home\ugos\www\index.php(13): CApplication->run()
#3 {main}
REQUEST_URI=/favicon.ico
---
